IndoorNaviDemo/build/outputs/logs/manifest-merger-debug-report.txt
-- Merging decision tree log ---
manifest
ADDED from smartparkingAndroidClient\IndoorNaviDemo\AndroidManifest.xml:2:1-71:12
	xmlns:tools
		ADDED from smartparkingAndroidClient\IndoorNaviDemo\AndroidManifest.xml:3:5-51
	xmlns:android
		ADDED from smartparkingAndroidClient\IndoorNaviDemo\AndroidManifest.xml:2:11-69
	package
		ADDED from smartparkingAndroidClient\IndoorNaviDemo\AndroidManifest.xml:4:5-44
	android:versionName
		ADDED from smartparkingAndroidClient\IndoorNaviDemo\AndroidManifest.xml:6:5-30
	android:versionCode
		ADDED from smartparkingAndroidClient\IndoorNaviDemo\AndroidManifest.xml:5:5-28
		INJECTED from smartparkingAndroidClient\IndoorNaviDemo\AndroidManifest.xml
		INJECTED from smartparkingAndroidClient\IndoorNaviDemo\AndroidManifest.xml
uses-sdk
ADDED from smartparkingAndroidClient\IndoorNaviDemo\AndroidManifest.xml:8:5-10:41
MERGED from [smartparkingAndroidClient:TouchImageView:unspecified] AndroidManifest.xml:7:5-9:41
MERGED from [smartparkingAndroidClient:IndoorNaviLib:unspecified] AndroidManifest.xml:7:5-9:41
MERGED from [smartparkingAndroidClient:TouchImageView:unspecified] AndroidManifest.xml:7:5-9:41
	android:targetSdkVersion
		ADDED from smartparkingAndroidClient\IndoorNaviDemo\AndroidManifest.xml:10:9-38
	android:minSdkVersion
		ADDED from smartparkingAndroidClient\IndoorNaviDemo\AndroidManifest.xml:9:9-35
uses-permission#android.permission.WAKE_LOCK
ADDED from smartparkingAndroidClient\IndoorNaviDemo\AndroidManifest.xml:12:5-68
	android:name
		ADDED from smartparkingAndroidClient\IndoorNaviDemo\AndroidManifest.xml:12:22-65
uses-permission#android.permission.INTERNET
ADDED from smartparkingAndroidClient\IndoorNaviDemo\AndroidManifest.xml:13:5-67
	android:name
		ADDED from smartparkingAndroidClient\IndoorNaviDemo\AndroidManifest.xml:13:22-64
uses-permission#android.permission.READ_EXTERNAL_STORAGE
ADDED from smartparkingAndroidClient\IndoorNaviDemo\AndroidManifest.xml:14:5-80
	android:name
		ADDED from smartparkingAndroidClient\IndoorNaviDemo\AndroidManifest.xml:14:22-77
uses-permission#android.permission.WRITE_EXTERNAL_STORAGE
ADDED from smartparkingAndroidClient\IndoorNaviDemo\AndroidManifest.xml:15:5-81
	android:name
		ADDED from smartparkingAndroidClient\IndoorNaviDemo\AndroidManifest.xml:15:22-78
uses-permission#com.google.android.gms.permission.ACTIVITY_RECOGNITION
ADDED from smartparkingAndroidClient\IndoorNaviDemo\AndroidManifest.xml:16:5-94
	android:name
		ADDED from smartparkingAndroidClient\IndoorNaviDemo\AndroidManifest.xml:16:22-91
uses-permission#android.permission.VIBRATE
ADDED from smartparkingAndroidClient\IndoorNaviDemo\AndroidManifest.xml:17:5-66
	android:name
		ADDED from smartparkingAndroidClient\IndoorNaviDemo\AndroidManifest.xml:17:22-63
uses-permission#android.permission.ACCESS_COARSE_LOCATION
ADDED from smartparkingAndroidClient\IndoorNaviDemo\AndroidManifest.xml:18:5-81
	android:name
		ADDED from smartparkingAndroidClient\IndoorNaviDemo\AndroidManifest.xml:18:22-78
uses-permission#android.permission.ACCESS_NETWORK_STATE
ADDED from smartparkingAndroidClient\IndoorNaviDemo\AndroidManifest.xml:19:5-79
	android:name
		ADDED from smartparkingAndroidClient\IndoorNaviDemo\AndroidManifest.xml:19:22-76
uses-permission#android.permission.ACCESS_FINE_LOCATION
ADDED from smartparkingAndroidClient\IndoorNaviDemo\AndroidManifest.xml:20:5-79
	android:name
		ADDED from smartparkingAndroidClient\IndoorNaviDemo\AndroidManifest.xml:20:22-76
uses-permission#android.permission.READ_PHONE_STATE
ADDED from smartparkingAndroidClient\IndoorNaviDemo\AndroidManifest.xml:21:5-75
	android:name
		ADDED from smartparkingAndroidClient\IndoorNaviDemo\AndroidManifest.xml:21:22-72
uses-permission#android.permission.CHANGE_WIFI_STATE
ADDED from smartparkingAndroidClient\IndoorNaviDemo\AndroidManifest.xml:22:5-76
	android:name
		ADDED from smartparkingAndroidClient\IndoorNaviDemo\AndroidManifest.xml:22:22-73
uses-permission#android.permission.ACCESS_WIFI_STATE
ADDED from smartparkingAndroidClient\IndoorNaviDemo\AndroidManifest.xml:23:5-76
	android:name
		ADDED from smartparkingAndroidClient\IndoorNaviDemo\AndroidManifest.xml:23:22-73
uses-permission#android.permission.CHANGE_CONFIGURATION
ADDED from smartparkingAndroidClient\IndoorNaviDemo\AndroidManifest.xml:24:5-79
	android:name
		ADDED from smartparkingAndroidClient\IndoorNaviDemo\AndroidManifest.xml:24:22-76
uses-permission#android.permission.WRITE_SETTINGS
ADDED from smartparkingAndroidClient\IndoorNaviDemo\AndroidManifest.xml:25:5-73
	android:name
		ADDED from smartparkingAndroidClient\IndoorNaviDemo\AndroidManifest.xml:25:22-70
uses-feature#android.hardware.bluetooth_le
ADDED from smartparkingAndroidClient\IndoorNaviDemo\AndroidManifest.xml:27:5-29:35
	android:required
		ADDED from smartparkingAndroidClient\IndoorNaviDemo\AndroidManifest.xml:29:9-32
	android:name
		ADDED from smartparkingAndroidClient\IndoorNaviDemo\AndroidManifest.xml:28:9-53
application
ADDED from smartparkingAndroidClient\IndoorNaviDemo\AndroidManifest.xml:33:5-69:19
MERGED from [smartparkingAndroidClient:TouchImageView:unspecified] AndroidManifest.xml:11:5-26:19
MERGED from [smartparkingAndroidClient:IndoorNaviLib:unspecified] AndroidManifest.xml:14:5-30:19
MERGED from [smartparkingAndroidClient:TouchImageView:unspecified] AndroidManifest.xml:11:5-26:19
	android:label
		ADDED from smartparkingAndroidClient\IndoorNaviDemo\AndroidManifest.xml:36:9-41
	android:allowBackup
		ADDED from smartparkingAndroidClient\IndoorNaviDemo\AndroidManifest.xml:34:9-35
	android:icon
		ADDED from smartparkingAndroidClient\IndoorNaviDemo\AndroidManifest.xml:35:9-45
		REJECTED from [smartparkingAndroidClient:IndoorNaviLib:unspecified] AndroidManifest.xml:16:9-45
	android:theme
		ADDED from smartparkingAndroidClient\IndoorNaviDemo\AndroidManifest.xml:37:9-40
		REJECTED from [smartparkingAndroidClient:IndoorNaviLib:unspecified] AndroidManifest.xml:18:9-40
	tools:replace
		ADDED from smartparkingAndroidClient\IndoorNaviDemo\AndroidManifest.xml:38:9-51
meta-data#com.amap.api.v2.apikey
ADDED from smartparkingAndroidClient\IndoorNaviDemo\AndroidManifest.xml:39:9-41:64
	android:name
		ADDED from smartparkingAndroidClient\IndoorNaviDemo\AndroidManifest.xml:40:13-50
	android:value
		ADDED from smartparkingAndroidClient\IndoorNaviDemo\AndroidManifest.xml:41:13-61
activity#com.SmartParking.Demo.Sampling.LogOnActivity
ADDED from smartparkingAndroidClient\IndoorNaviDemo\AndroidManifest.xml:43:9-51:20
	android:label
		ADDED from smartparkingAndroidClient\IndoorNaviDemo\AndroidManifest.xml:45:13-45
	android:theme
		ADDED from smartparkingAndroidClient\IndoorNaviDemo\AndroidManifest.xml:46:13-77
	android:name
		ADDED from smartparkingAndroidClient\IndoorNaviDemo\AndroidManifest.xml:44:13-72
intent-filter#android.intent.action.MAIN+android.intent.category.LAUNCHER
ADDED from smartparkingAndroidClient\IndoorNaviDemo\AndroidManifest.xml:47:13-50:29
action#android.intent.action.MAIN
ADDED from smartparkingAndroidClient\IndoorNaviDemo\AndroidManifest.xml:48:17-69
	android:name
		ADDED from smartparkingAndroidClient\IndoorNaviDemo\AndroidManifest.xml:48:25-66
category#android.intent.category.LAUNCHER
ADDED from smartparkingAndroidClient\IndoorNaviDemo\AndroidManifest.xml:49:17-77
	android:name
		ADDED from smartparkingAndroidClient\IndoorNaviDemo\AndroidManifest.xml:49:27-74
activity#com.SmartParking.Demo.Sampling.OverallMapActivity
ADDED from smartparkingAndroidClient\IndoorNaviDemo\AndroidManifest.xml:52:9-55:89
	android:label
		ADDED from smartparkingAndroidClient\IndoorNaviDemo\AndroidManifest.xml:54:13-63
	android:theme
		ADDED from smartparkingAndroidClient\IndoorNaviDemo\AndroidManifest.xml:55:13-77
	android:name
		ADDED from smartparkingAndroidClient\IndoorNaviDemo\AndroidManifest.xml:53:13-77
activity#com.SmartParking.Demo.Sampling.EntryActivity
ADDED from smartparkingAndroidClient\IndoorNaviDemo\AndroidManifest.xml:57:9-90
	android:name
		ADDED from smartparkingAndroidClient\IndoorNaviDemo\AndroidManifest.xml:57:19-78
activity#com.SmartParking.Demo.Sampling.MainActivity
ADDED from smartparkingAndroidClient\IndoorNaviDemo\AndroidManifest.xml:58:9-60:89
	android:theme
		ADDED from smartparkingAndroidClient\IndoorNaviDemo\AndroidManifest.xml:60:13-77
	android:name
		ADDED from smartparkingAndroidClient\IndoorNaviDemo\AndroidManifest.xml:59:13-71
activity#com.SmartParking.Demo.Sampling.ViewSamplingDataActivity
ADDED from smartparkingAndroidClient\IndoorNaviDemo\AndroidManifest.xml:61:9-92
	android:name
		ADDED from smartparkingAndroidClient\IndoorNaviDemo\AndroidManifest.xml:61:19-89
activity#com.SmartParking.Demo.Sampling.NaviActivity
ADDED from smartparkingAndroidClient\IndoorNaviDemo\AndroidManifest.xml:62:9-64:80
	android:theme
		ADDED from smartparkingAndroidClient\IndoorNaviDemo\AndroidManifest.xml:64:13-77
	android:name
		ADDED from smartparkingAndroidClient\IndoorNaviDemo\AndroidManifest.xml:63:13-71
activity#com.ortiz.touch.MainActivity
ADDED from [smartparkingAndroidClient:TouchImageView:unspecified] AndroidManifest.xml:12:9-20:20
MERGED from [smartparkingAndroidClient:TouchImageView:unspecified] AndroidManifest.xml:12:9-20:20
	android:label
		ADDED from [smartparkingAndroidClient:TouchImageView:unspecified] AndroidManifest.xml:14:13-45
	android:name
		ADDED from [smartparkingAndroidClient:TouchImageView:unspecified] AndroidManifest.xml:13:13-56
activity#com.ortiz.touch.SingleTouchImageViewActivity
ADDED from [smartparkingAndroidClient:TouchImageView:unspecified] AndroidManifest.xml:21:9-81
MERGED from [smartparkingAndroidClient:TouchImageView:unspecified] AndroidManifest.xml:21:9-81
	android:name
		ADDED from [smartparkingAndroidClient:TouchImageView:unspecified] AndroidManifest.xml:21:19-78
activity#com.ortiz.touch.MirroringExampleActivity
ADDED from [smartparkingAndroidClient:TouchImageView:unspecified] AndroidManifest.xml:22:9-77
MERGED from [smartparkingAndroidClient:TouchImageView:unspecified] AndroidManifest.xml:22:9-77
	android:name
		ADDED from [smartparkingAndroidClient:TouchImageView:unspecified] AndroidManifest.xml:22:19-74
activity#com.ortiz.touch.ViewPagerExampleActivity
ADDED from [smartparkingAndroidClient:TouchImageView:unspecified] AndroidManifest.xml:23:9-77
MERGED from [smartparkingAndroidClient:TouchImageView:unspecified] AndroidManifest.xml:23:9-77
	android:name
		ADDED from [smartparkingAndroidClient:TouchImageView:unspecified] AndroidManifest.xml:23:19-74
activity#com.ortiz.touch.SwitchImageExampleActivity
ADDED from [smartparkingAndroidClient:TouchImageView:unspecified] AndroidManifest.xml:24:9-79
MERGED from [smartparkingAndroidClient:TouchImageView:unspecified] AndroidManifest.xml:24:9-79
	android:name
		ADDED from [smartparkingAndroidClient:TouchImageView:unspecified] AndroidManifest.xml:24:19-76
activity#com.ortiz.touch.SwitchScaleTypeExampleActivity
ADDED from [smartparkingAndroidClient:TouchImageView:unspecified] AndroidManifest.xml:25:9-83
MERGED from [smartparkingAndroidClient:TouchImageView:unspecified] AndroidManifest.xml:25:9-83
	android:name
		ADDED from [smartparkingAndroidClient:TouchImageView:unspecified] AndroidManifest.xml:25:19-80
uses-permission#android.permission.BLUETOOTH
ADDED from [smartparkingAndroidClient:IndoorNaviLib:unspecified] AndroidManifest.xml:11:5-68
	android:name
		ADDED from [smartparkingAndroidClient:IndoorNaviLib:unspecified] AndroidManifest.xml:11:22-65
uses-permission#android.permission.BLUETOOTH_ADMIN
ADDED from [smartparkingAndroidClient:IndoorNaviLib:unspecified] AndroidManifest.xml:12:5-74
	android:name
		ADDED from [smartparkingAndroidClient:IndoorNaviLib:unspecified] AndroidManifest.xml:12:22-71